<?xml version="1.0" encoding="UTF-8"?>
<testsuite xmlns:xsi="http://www.w3.org/2001/XMLSchema-instance" xsi:noNamespaceSchemaLocation="https://maven.apache.org/surefire/maven-surefire-plugin/xsd/surefire-test-report-3.0.xsd" version="3.0" name="TestSuite" time="14.389" tests="9" errors="0" skipped="3" failures="1">
  <properties>
[...]
</properties>
  <testcase name="getWebDriver[CHROME](0)" classname="tests.LoginTest" time="9.818">
    <failure message="Unable to establish websocket connection to http://localhost:63561/devtools/browser/273e2179-6bdb-46f1-9de2-cc271093d9db&#10;Build info: version: &apos;4.4.0&apos;, revision: &apos;e5c75ed026a&apos;&#10;System info: host: &apos;MacBookAir.lan&apos;, ip: &apos;2001:569:522f:9e00:5409:b27c:17a3:9f09%en0&apos;, os.name: &apos;Mac OS X&apos;, os.arch: &apos;aarch64&apos;, os.version: &apos;15.1.1&apos;, java.version: &apos;22.0.2&apos;&#10;Driver info: driver.version: ChromeDriver" type="org.openqa.selenium.remote.http.ConnectionFailedException"><![CDATA[org.openqa.selenium.remote.http.ConnectionFailedException: 
Unable to establish websocket connection to http://localhost:63561/devtools/browser/273e2179-6bdb-46f1-9de2-cc271093d9db
Build info: version: '4.4.0', revision: 'e5c75ed026a'
System info: host: 'MacBookAir.lan', ip: '2001:569:522f:9e00:5409:b27c:17a3:9f09%en0', os.name: 'Mac OS X', os.arch: 'aarch64', os.version: '15.1.1', java.version: '22.0.2'
Driver info: driver.version: ChromeDriver
	at org.openqa.selenium.remote.http.netty.NettyWebSocket.<init>(NettyWebSocket.java:102)
	at org.openqa.selenium.remote.http.netty.NettyWebSocket.lambda$create$3(NettyWebSocket.java:128)
	at org.openqa.selenium.remote.http.netty.NettyClient.openSocket(NettyClient.java:106)
	at org.openqa.selenium.devtools.Connection.<init>(Connection.java:77)
	at org.openqa.selenium.chromium.ChromiumDriver.lambda$new$2(ChromiumDriver.java:116)
	at java.base/java.util.Optional.map(Optional.java:260)
	at org.openqa.selenium.chromium.ChromiumDriver.<init>(ChromiumDriver.java:114)
	at org.openqa.selenium.chrome.ChromeDriver.<init>(ChromeDriver.java:81)
	at org.openqa.selenium.chrome.ChromeDriver.<init>(ChromeDriver.java:49)
	at org.example.base.WebDriverBase.getWebDriver(WebDriverBase.java:58)
	at java.base/jdk.internal.reflect.DirectMethodHandleAccessor.invoke(DirectMethodHandleAccessor.java:103)
	at java.base/java.lang.reflect.Method.invoke(Method.java:580)
	at org.testng.internal.invokers.MethodInvocationHelper.invokeMethod(MethodInvocationHelper.java:139)
	at org.testng.internal.invokers.MethodInvocationHelper.invokeMethodConsideringTimeout(MethodInvocationHelper.java:69)
	at org.testng.internal.invokers.ConfigInvoker.invokeConfigurationMethod(ConfigInvoker.java:361)
	at org.testng.internal.invokers.ConfigInvoker.invokeConfigurations(ConfigInvoker.java:296)
	at org.testng.internal.invokers.TestInvoker.runConfigMethods(TestInvoker.java:823)
	at org.testng.internal.invokers.TestInvoker.invokeMethod(TestInvoker.java:590)
	at org.testng.internal.invokers.TestInvoker.invokeTestMethod(TestInvoker.java:221)
	at org.testng.internal.invokers.MethodRunner.runInSequence(MethodRunner.java:50)
	at org.testng.internal.invokers.TestInvoker$MethodInvocationAgent.invoke(TestInvoker.java:969)
	at org.testng.internal.invokers.TestInvoker.invokeTestMethods(TestInvoker.java:194)
	at org.testng.internal.invokers.TestMethodWorker.invokeTestMethods(TestMethodWorker.java:148)
	at org.testng.internal.invokers.TestMethodWorker.run(TestMethodWorker.java:128)
	at java.base/java.util.concurrent.ThreadPoolExecutor.runWorker(ThreadPoolExecutor.java:1144)
	at java.base/java.util.concurrent.ThreadPoolExecutor$Worker.run(ThreadPoolExecutor.java:642)
	at java.base/java.lang.Thread.run(Thread.java:1570)
]]></failure>
    <system-out><![CDATA[Running tests on thread: 36
]]></system-out>
    <system-err><![CDATA[SLF4J: No SLF4J providers were found.
SLF4J: Defaulting to no-operation (NOP) logger implementation
SLF4J: See https://www.slf4j.org/codes.html#noProviders for further details.
ERROR StatusLogger Log4j2 could not find a logging implementation. Please add log4j-core to the classpath. Using SimpleLogger to log to the console...
Starting ChromeDriver 145.0.7632.77 (da516187054a90a4669ee732027b919261341392-refs/branch-heads/7632_45@{#16}) on port 57549
Only local connections are allowed.
Please see https://chromedriver.chromium.org/security-considerations for suggestions on keeping ChromeDriver safe.
ChromeDriver was started successfully on port 57549.
Feb 18, 2026 2:53:12 P.M. org.openqa.selenium.remote.ProtocolHandshake createSession
INFO: Detected upstream dialect: W3C
Feb 18, 2026 2:53:12 P.M. org.openqa.selenium.remote.http.WebSocket$Listener onError
WARNING: Invalid Status code=403 text=Forbidden
java.io.IOException: Invalid Status code=403 text=Forbidden
	at org.asynchttpclient.netty.handler.WebSocketHandler.abort(WebSocketHandler.java:92)
	at org.asynchttpclient.netty.handler.WebSocketHandler.handleRead(WebSocketHandler.java:118)
	at org.asynchttpclient.netty.handler.AsyncHttpClientHandler.channelRead(AsyncHttpClientHandler.java:78)
	at io.netty.channel.AbstractChannelHandlerContext.invokeChannelRead(AbstractChannelHandlerContext.java:379)
	at io.netty.channel.AbstractChannelHandlerContext.invokeChannelRead(AbstractChannelHandlerContext.java:365)
	at io.netty.channel.AbstractChannelHandlerContext.fireChannelRead(AbstractChannelHandlerContext.java:357)
	at io.netty.channel.CombinedChannelDuplexHandler$DelegatingChannelHandlerContext.fireChannelRead(CombinedChannelDuplexHandler.java:436)
	at io.netty.handler.codec.ByteToMessageDecoder.fireChannelRead(ByteToMessageDecoder.java:327)
	at io.netty.handler.codec.ByteToMessageDecoder.fireChannelRead(ByteToMessageDecoder.java:314)
	at io.netty.handler.codec.ByteToMessageDecoder.callDecode(ByteToMessageDecoder.java:435)
	at io.netty.handler.codec.ByteToMessageDecoder.channelRead(ByteToMessageDecoder.java:279)
	at io.netty.channel.CombinedChannelDuplexHandler.channelRead(CombinedChannelDuplexHandler.java:251)
	at io.netty.channel.AbstractChannelHandlerContext.invokeChannelRead(AbstractChannelHandlerContext.java:379)
	at io.netty.channel.AbstractChannelHandlerContext.invokeChannelRead(AbstractChannelHandlerContext.java:365)
	at io.netty.channel.AbstractChannelHandlerContext.fireChannelRead(AbstractChannelHandlerContext.java:357)
	at io.netty.channel.DefaultChannelPipeline$HeadContext.channelRead(DefaultChannelPipeline.java:1410)
	at io.netty.channel.AbstractChannelHandlerContext.invokeChannelRead(AbstractChannelHandlerContext.java:379)
	at io.netty.channel.AbstractChannelHandlerContext.invokeChannelRead(AbstractChannelHandlerContext.java:365)
	at io.netty.channel.DefaultChannelPipeline.fireChannelRead(DefaultChannelPipeline.java:919)
	at io.netty.channel.nio.AbstractNioByteChannel$NioByteUnsafe.read(AbstractNioByteChannel.java:166)
	at io.netty.channel.nio.NioEventLoop.processSelectedKey(NioEventLoop.java:722)
	at io.netty.channel.nio.NioEventLoop.processSelectedKeysOptimized(NioEventLoop.java:658)
	at io.netty.channel.nio.NioEventLoop.processSelectedKeys(NioEventLoop.java:584)
	at io.netty.channel.nio.NioEventLoop.run(NioEventLoop.java:496)
	at io.netty.util.concurrent.SingleThreadEventExecutor$4.run(SingleThreadEventExecutor.java:997)
	at io.netty.util.internal.ThreadExecutorMap$2.run(ThreadExecutorMap.java:74)
	at io.netty.util.concurrent.FastThreadLocalRunnable.run(FastThreadLocalRunnable.java:30)
	at java.base/java.lang.Thread.run(Thread.java:1570)

]]></system-err>
  </testcase>
  <testcase name="initializeTest" classname="tests.LoginTest" time="0">
    <skipped/>
  </testcase>
  <testcase name="testLogin[user1@example.com, password123](1)" classname="tests.LoginTest" time="0">
    <skipped message="Unable to establish websocket connection to http://localhost:63561/devtools/browser/273e2179-6bdb-46f1-9de2-cc271093d9db&#10;Build info: version: &apos;4.4.0&apos;, revision: &apos;e5c75ed026a&apos;&#10;System info: host: &apos;MacBookAir.lan&apos;, ip: &apos;2001:569:522f:9e00:5409:b27c:17a3:9f09%en0&apos;, os.name: &apos;Mac OS X&apos;, os.arch: &apos;aarch64&apos;, os.version: &apos;15.1.1&apos;, java.version: &apos;22.0.2&apos;&#10;Driver info: driver.version: ChromeDriver"/>
  </testcase>
  <testcase name="cleanUp" classname="tests.LoginTest" time="0">
    <skipped/>
  </testcase>
  <testcase name="foreCastAPIValidationTest" classname="tests.WeatherMapTest" time="0.794">
    <system-out><![CDATA[Forecast API request  :http://api.openweathermap.org/data/2.5/forecast?id=524901&appid=
{"cod":401, "message": "Invalid API key. Please see https://openweathermap.org/faq#error401 for more info."}
]]></system-out>
  </testcase>
  <testcase name="registerWeatherStationTest[DEMO_TEST001, Interview Station 12367, 33.33, -111.43, 444](1)" classname="tests.WeatherMapTest" time="0.555">
    <system-out><![CDATA[Registration request:http://api.openweathermap.org/data/3.0/stations?APPID=5ab20332fe37c18e7b1b4f786e5c572b
Request Body: {"altitude":444.0,"latitude":33.33,"name":"Interview Station 12367","external_id":"DEMO_TEST001","longitude":-111.43}
Response status code:201
response:{"ID":"699642dacbd4230001cc3779","updated_at":"2026-02-18T22:53:14.348415252Z","created_at":"2026-02-18T22:53:14.348415079Z","user_id":"6023fa28c8e1ae0007f87b37","external_id":"DEMO_TEST001","name":"Interview Station 12367","latitude":33.33,"longitude":-111.43,"altitude":444,"rank":10,"source_type":5}
]]></system-out>
  </testcase>
  <testcase name="registerWeatherStationTest[DEMO_TEST002, Interview Station 12357, 33.44, 12.44, 444](2)" classname="tests.WeatherMapTest" time="0.335">
    <system-out><![CDATA[Registration request:http://api.openweathermap.org/data/3.0/stations?APPID=5ab20332fe37c18e7b1b4f786e5c572b
Request Body: {"altitude":444.0,"latitude":33.44,"name":"Interview Station 12357","external_id":"DEMO_TEST002","longitude":12.44}
Response status code:201
response:{"ID":"699642dacbd4230001cc377a","updated_at":"2026-02-18T22:53:14.687676478Z","created_at":"2026-02-18T22:53:14.687676304Z","user_id":"6023fa28c8e1ae0007f87b37","external_id":"DEMO_TEST002","name":"Interview Station 12357","latitude":33.44,"longitude":12.44,"altitude":444,"rank":10,"source_type":5}
]]></system-out>
  </testcase>
  <testcase name="getRegisterWatherStationTest" classname="tests.WeatherMapTest" time="0.667">
    <system-out><![CDATA[Registration request:http://api.openweathermap.org/data/3.0/stations?APPID=5ab20332fe37c18e7b1b4f786e5c572b
Response status code:200
Response:[{"id":"699642dacbd4230001cc3779","created_at":"2026-02-18T22:53:14.348Z","updated_at":"2026-02-18T22:53:14.348Z","external_id":"DEMO_TEST001","name":"Interview Station 12367","longitude":-111.43,"latitude":33.33,"altitude":444,"rank":10},{"id":"699642dacbd4230001cc377a","created_at":"2026-02-18T22:53:14.687Z","updated_at":"2026-02-18T22:53:14.687Z","external_id":"DEMO_TEST002","name":"Interview Station 12357","longitude":12.44,"latitude":33.44,"altitude":444,"rank":10}]
Registered IDs:[699642dacbd4230001cc3779, 699642dacbd4230001cc377a]
]]></system-out>
  </testcase>
  <testcase name="deleteStation" classname="tests.WeatherMapTest" time="2.139">
    <system-out><![CDATA[Delete station details request:http://api.openweathermap.org/data/3.0/stations/699642dacbd4230001cc3779?APPID=5ab20332fe37c18e7b1b4f786e5c572b
Response status code:204
Response:
Response status code after cleaning up the  station:699642dacbd4230001cc3779404
Response:{"code":404001,"message":"Station not found"}
Error message :Station not found
Delete station details request:http://api.openweathermap.org/data/3.0/stations/699642dacbd4230001cc377a?APPID=5ab20332fe37c18e7b1b4f786e5c572b
Response status code:204
Response:
Response status code after cleaning up the  station:699642dacbd4230001cc377a404
Response:{"code":404001,"message":"Station not found"}
Error message :Station not found
]]></system-out>
  </testcase>
</testsuite>